Arguments: 
  F:\Softwares\node-v14.16.0-win-x64\node.exe F:\Softwares\node-v14.16.0-win-x64\node_modules\yarn\bin\yarn.js

PATH: 
  C:\Users\ZohaibX\bin;C:\Program Files\Git\mingw64\bin;C:\Program Files\Git\usr\local\bin;C:\Program Files\Git\usr\bin;C:\Program Files\Git\usr\bin;C:\Program Files\Git\cmd;C:\Program Files\Git\usr\bin;C:\Program Files\ConEmu\ConEmu\Scripts;C:\Program Files\ConEmu;C:\Program Files\ConEmu\ConEmu;C:\WINDOWS\system32;C:\WINDOWS;C:\WINDOWS\System32\Wbem;C:\WINDOWS\System32\WindowsPowerShell\v1.0;C:\WINDOWS\System32\OpenSSH;F:\Softwares\node-v14.16.0-win-x64;F:\Softwares;F:\Softwares\curl-7.73.0_3-win64-mingw\curl-7.73.0_3-win64-mingw;F:\Softwares\doctl-1.56.0-windows-386;F:\Softwares\helm-v3.4.1-windows-amd64\windows-amd64;C:\Program Files\Kubernetes\Minikube;C:\ProgramData\chocolatey\bin;C:\Program Files\Docker\Docker\resources\bin;C:\ProgramData\DockerDesktop\version-bin;C:\WINDOWS\system32;C:\WINDOWS;C:\WINDOWS\System32\Wbem;C:\WINDOWS\System32\WindowsPowerShell\v1.0;C:\WINDOWS\System32\OpenSSH;C:\Users\ZohaibX\AppData\Local\Microsoft\WindowsApps;C:\Users\ZohaibX\AppData\Local\Programs\Microsoft VS Code\bin;C:\Program Files\Git\usr\bin\vendor_perl;C:\Program Files\Git\usr\bin\core_perl

Yarn version: 
  1.22.10

Node version: 
  14.16.0

Platform: 
  win32 x64

Trace: 
  Error: https://registry.yarnpkg.com/core-js/-/core-js-2.6.12.tgz: ESOCKETTIMEDOUT
      at ClientRequest.<anonymous> (F:\Softwares\node-v14.16.0-win-x64\node_modules\yarn\lib\cli.js:141289:19)
      at Object.onceWrapper (events.js:421:28)
      at ClientRequest.emit (events.js:315:20)
      at TLSSocket.emitRequestTimeout (_http_client.js:784:9)
      at Object.onceWrapper (events.js:421:28)
      at TLSSocket.emit (events.js:327:22)
      at TLSSocket.Socket._onTimeout (net.js:483:8)
      at listOnTimeout (internal/timers.js:554:17)
      at processTimers (internal/timers.js:497:7)

npm manifest: 
  {
      "name": "react-ssr",
      "version": "1.0.0",
      "description": "Server side rendering project",
      "main": "index.js",
      "scripts": {
          "dev": "concurrently \"yarn dev:server\" \"yarn dev:build:server\" \"yarn dev:build:client\"",
          "dev:server": "nodemon --watch build --exec node build/bundle.js",
          "dev:build:server": "webpack --config webpack.server.js --watch",
          "dev:build:client": "webpack --config webpack.client.js --watch"
      },
      "author": "",
      "license": "ISC",
      "dependencies": {
          "@babel/cli": "^7.13.0",
          "@babel/core": "^7.13.1",
          "@babel/plugin-proposal-class-properties": "^7.13.0",
          "@babel/preset-env": "^7.13.5",
          "@babel/preset-react": "^7.12.13",
          "@babel/preset-typescript": "^7.13.0",
          "@types/react": "^17.0.2",
          "@types/react-dom": "^17.0.1",
          "@types/react-router-config": "^5.0.2",
          "@types/redux-logger": "^3.0.8",
          "axios": "0.16.2",
          "babel": "^6.23.0",
          "babel-core": "^7.0.0-bridge.0",
          "babel-jest": "^26.6.3",
          "babel-loader": "^8.2.2",
          "babel-polyfill": "^6.26.0",
          "compression": "1.7.0",
          "concurrently": "^6.0.0",
          "express": "4.15.4",
          "express-http-proxy": "1.0.6",
          "global": "^4.4.0",
          "lodash": "4.17.4",
          "nodemon": "1.12.0",
          "npm-run-all": "^4.1.5",
          "prop-types": "^15.7.2",
          "react": "17.0.1",
          "react-dom": "17.0.1",
          "react-helmet": "6.1.0",
          "react-redux": "^7.2.2",
          "react-router-config": "^5.1.1",
          "react-router-dom": "^5.2.0",
          "redux": "^4.0.5",
          "redux-devtools-extension": "^2.13.8",
          "redux-logger": "^3.0.6",
          "redux-thunk": "2.2.0",
          "regenerator-runtime": "^0.13.7",
          "serialize-javascript": "1.4.0",
          "typescript": "^4.2.2",
          "webpack": "3.5.6",
          "webpack-dev-server": "2.8.2",
          "webpack-merge": "4.1.0",
          "webpack-node-externals": "1.6.0"
      },
      "devDependencies": {
          "@types/react-helmet": "^6.1.0"
      }
  }

yarn manifest: 
  No manifest

Lockfile: 
  No lockfile
